[INFO  - 2015-03-04T20:21:06.767Z] GhostDriver - Main - running on port 25520
[INFO  - 2015-03-04T20:21:08.253Z] Session [fddd9170-c2ab-11e4-af9b-07cc0fa77f2e] - page.settings - {"XSSAuditingEnabled":false,"javascriptCanCloseWindows":true,"javascriptCanOpenWindows":true,"javascriptEnabled":true,"loadImages":true,"localToRemoteUrlAccessEnabled":false,"userAgent":"Mozilla/5.0 (Windows NT 6.1; WOW64) AppleWebKit/538.1 (KHTML, like Gecko) PhantomJS/2.0.0 Safari/538.1","webSecurityEnabled":true}
[INFO  - 2015-03-04T20:21:08.253Z] Session [fddd9170-c2ab-11e4-af9b-07cc0fa77f2e] - page.customHeaders:  - {}
[INFO  - 2015-03-04T20:21:08.254Z] Session [fddd9170-c2ab-11e4-af9b-07cc0fa77f2e] - Session.negotiatedCapabilities - {"browserName":"phantomjs","version":"2.0.0","driverName":"ghostdriver","driverVersion":"1.2.0","platform":"windows-7-32bit","javascriptEnabled":true,"takesScreenshot":true,"handlesAlerts":false,"databaseEnabled":false,"locationContextEnabled":false,"applicationCacheEnabled":false,"browserConnectionEnabled":false,"cssSelectorsEnabled":true,"webStorageEnabled":false,"rotatable":false,"acceptSslCerts":false,"nativeEvents":true,"proxy":{"proxyType":"direct"}}
[INFO  - 2015-03-04T20:21:08.255Z] SessionManagerReqHand - _postNewSessionCommand - New Session Created: fddd9170-c2ab-11e4-af9b-07cc0fa77f2e
[INFO  - 2015-03-04T20:25:38.865Z] GhostDriver - Main - running on port 27834
[INFO  - 2015-03-04T20:25:40.018Z] Session [9fd92890-c2ac-11e4-b890-5f547b585756] - page.settings - {"XSSAuditingEnabled":false,"javascriptCanCloseWindows":true,"javascriptCanOpenWindows":true,"javascriptEnabled":true,"loadImages":true,"localToRemoteUrlAccessEnabled":false,"userAgent":"Mozilla/5.0 (Windows NT 6.1; WOW64) AppleWebKit/538.1 (KHTML, like Gecko) PhantomJS/2.0.0 Safari/538.1","webSecurityEnabled":true}
[INFO  - 2015-03-04T20:25:40.018Z] Session [9fd92890-c2ac-11e4-b890-5f547b585756] - page.customHeaders:  - {}
[INFO  - 2015-03-04T20:25:40.019Z] Session [9fd92890-c2ac-11e4-b890-5f547b585756] - Session.negotiatedCapabilities - {"browserName":"phantomjs","version":"2.0.0","driverName":"ghostdriver","driverVersion":"1.2.0","platform":"windows-7-32bit","javascriptEnabled":true,"takesScreenshot":true,"handlesAlerts":false,"databaseEnabled":false,"locationContextEnabled":false,"applicationCacheEnabled":false,"browserConnectionEnabled":false,"cssSelectorsEnabled":true,"webStorageEnabled":false,"rotatable":false,"acceptSslCerts":false,"nativeEvents":true,"proxy":{"proxyType":"direct"}}
[INFO  - 2015-03-04T20:25:40.020Z] SessionManagerReqHand - _postNewSessionCommand - New Session Created: 9fd92890-c2ac-11e4-b890-5f547b585756
[INFO  - 2015-03-04T20:26:20.178Z] GhostDriver - Main - running on port 7723
[INFO  - 2015-03-04T20:26:21.179Z] Session [b861ad10-c2ac-11e4-baa8-697c81b0b8af] - page.settings - {"XSSAuditingEnabled":false,"javascriptCanCloseWindows":true,"javascriptCanOpenWindows":true,"javascriptEnabled":true,"loadImages":true,"localToRemoteUrlAccessEnabled":false,"userAgent":"Mozilla/5.0 (Windows NT 6.1; WOW64) AppleWebKit/538.1 (KHTML, like Gecko) PhantomJS/2.0.0 Safari/538.1","webSecurityEnabled":true}
[INFO  - 2015-03-04T20:26:21.179Z] Session [b861ad10-c2ac-11e4-baa8-697c81b0b8af] - page.customHeaders:  - {}
[INFO  - 2015-03-04T20:26:21.180Z] Session [b861ad10-c2ac-11e4-baa8-697c81b0b8af] - Session.negotiatedCapabilities - {"browserName":"phantomjs","version":"2.0.0","driverName":"ghostdriver","driverVersion":"1.2.0","platform":"windows-7-32bit","javascriptEnabled":true,"takesScreenshot":true,"handlesAlerts":false,"databaseEnabled":false,"locationContextEnabled":false,"applicationCacheEnabled":false,"browserConnectionEnabled":false,"cssSelectorsEnabled":true,"webStorageEnabled":false,"rotatable":false,"acceptSslCerts":false,"nativeEvents":true,"proxy":{"proxyType":"direct"}}
[INFO  - 2015-03-04T20:26:21.180Z] SessionManagerReqHand - _postNewSessionCommand - New Session Created: b861ad10-c2ac-11e4-baa8-697c81b0b8af
[INFO  - 2015-03-04T20:27:02.788Z] GhostDriver - Main - running on port 44207
[INFO  - 2015-03-04T20:27:03.890Z] Session [d1d6b470-c2ac-11e4-9fa3-d3fbbb2385d4] - page.settings - {"XSSAuditingEnabled":false,"javascriptCanCloseWindows":true,"javascriptCanOpenWindows":true,"javascriptEnabled":true,"loadImages":true,"localToRemoteUrlAccessEnabled":false,"userAgent":"Mozilla/5.0 (Windows NT 6.1; WOW64) AppleWebKit/538.1 (KHTML, like Gecko) PhantomJS/2.0.0 Safari/538.1","webSecurityEnabled":true}
[INFO  - 2015-03-04T20:27:03.891Z] Session [d1d6b470-c2ac-11e4-9fa3-d3fbbb2385d4] - page.customHeaders:  - {}
[INFO  - 2015-03-04T20:27:03.891Z] Session [d1d6b470-c2ac-11e4-9fa3-d3fbbb2385d4] - Session.negotiatedCapabilities - {"browserName":"phantomjs","version":"2.0.0","driverName":"ghostdriver","driverVersion":"1.2.0","platform":"windows-7-32bit","javascriptEnabled":true,"takesScreenshot":true,"handlesAlerts":false,"databaseEnabled":false,"locationContextEnabled":false,"applicationCacheEnabled":false,"browserConnectionEnabled":false,"cssSelectorsEnabled":true,"webStorageEnabled":false,"rotatable":false,"acceptSslCerts":false,"nativeEvents":true,"proxy":{"proxyType":"direct"}}
[INFO  - 2015-03-04T20:27:03.893Z] SessionManagerReqHand - _postNewSessionCommand - New Session Created: d1d6b470-c2ac-11e4-9fa3-d3fbbb2385d4
[INFO  - 2015-03-04T20:32:02.777Z] SessionManagerReqHand - _cleanupWindowlessSessions - Asynchronous Sessions clean-up phase starting NOW
[INFO  - 2015-03-04T20:32:02.779Z] SessionManagerReqHand - _cleanupWindowlessSessions - Deleted Session 'd1d6b470-c2ac-11e4-9fa3-d3fbbb2385d4', because windowless
[INFO  - 2015-03-04T20:55:27.979Z] GhostDriver - Main - running on port 47342
[INFO  - 2015-03-04T20:55:28.956Z] Session [ca240b70-c2b0-11e4-8705-b5fab692d49f] - page.settings - {"XSSAuditingEnabled":false,"javascriptCanCloseWindows":true,"javascriptCanOpenWindows":true,"javascriptEnabled":true,"loadImages":true,"localToRemoteUrlAccessEnabled":false,"userAgent":"Mozilla/5.0 (Windows NT 6.1; WOW64) AppleWebKit/538.1 (KHTML, like Gecko) PhantomJS/2.0.0 Safari/538.1","webSecurityEnabled":true}
[INFO  - 2015-03-04T20:55:28.957Z] Session [ca240b70-c2b0-11e4-8705-b5fab692d49f] - page.customHeaders:  - {}
[INFO  - 2015-03-04T20:55:28.957Z] Session [ca240b70-c2b0-11e4-8705-b5fab692d49f] - Session.negotiatedCapabilities - {"browserName":"phantomjs","version":"2.0.0","driverName":"ghostdriver","driverVersion":"1.2.0","platform":"windows-7-32bit","javascriptEnabled":true,"takesScreenshot":true,"handlesAlerts":false,"databaseEnabled":false,"locationContextEnabled":false,"applicationCacheEnabled":false,"browserConnectionEnabled":false,"cssSelectorsEnabled":true,"webStorageEnabled":false,"rotatable":false,"acceptSslCerts":false,"nativeEvents":true,"proxy":{"proxyType":"direct"}}
[INFO  - 2015-03-04T20:55:28.958Z] SessionManagerReqHand - _postNewSessionCommand - New Session Created: ca240b70-c2b0-11e4-8705-b5fab692d49f
[INFO  - 2015-03-04T21:00:27.983Z] SessionManagerReqHand - _cleanupWindowlessSessions - Asynchronous Sessions clean-up phase starting NOW
[INFO  - 2015-03-04T21:00:27.985Z] SessionManagerReqHand - _cleanupWindowlessSessions - Deleted Session 'ca240b70-c2b0-11e4-8705-b5fab692d49f', because windowless
mages":true,"localToRemoteUrlAccessEnabled":false,"userAgent":"Mozilla/5.0 (Windows NT 6.1; WOW64) AppleWebKit/538.1 (KHTML, like Gecko) PhantomJS/2.0.0 Safari/538.1","webSecurityEnabled":true}
[INFO  - 2015-03-04T20:59:13.061Z] Session [4fb7e810-c2b1-11e4-9ef5-5b78cfaaa480] - page.customHeaders:  - {}
[INFO  - 2015-03-04T20:59:13.061Z] Session [4fb7e810-c2b1-11e4-9ef5-5b78cfaaa480] - Session.negotiatedCapabilities - {"browserName":"phantomjs","version":"2.0.0","driverName":"ghostdriver","driverVersion":"1.2.0","platform":"windows-7-32bit","javascriptEnabled":true,"takesScreenshot":true,"handlesAlerts":false,"databaseEnabled":false,"locationContextEnabled":false,"applicationCacheEnabled":false,"browserConnectionEnabled":false,"cssSelectorsEnabled":true,"webStorageEnabled":false,"rotatable":false,"acceptSslCerts":false,"nativeEvents":true,"proxy":{"proxyType":"direct"}}
[INFO  - 2015-03-04T20:59:13.062Z] SessionManagerReqHand - _postNewSessionCommand - New Session Created: 4fb7e810-c2b1-11e4-9ef5-5b78cfaaa480
[INFO  - 2015-03-04T21:04:31.795Z] GhostDriver - Main - running on port 6391
[INFO  - 2015-03-04T21:04:32.937Z] Session [0e5fe3d0-c2b2-11e4-8059-a5459812f909] - page.settings - {"XSSAuditingEnabled":false,"javascriptCanCloseWindows":true,"javascriptCanOpenWindows":true,"javascriptEnabled":true,"loadImages":true,"localToRemoteUrlAccessEnabled":false,"userAgent":"Mozilla/5.0 (Windows NT 6.1; WOW64) AppleWebKit/538.1 (KHTML, like Gecko) PhantomJS/2.0.0 Safari/538.1","webSecurityEnabled":true}
[INFO  - 2015-03-04T21:04:32.938Z] Session [0e5fe3d0-c2b2-11e4-8059-a5459812f909] - page.customHeaders:  - {}
[INFO  - 2015-03-04T21:04:32.938Z] Session [0e5fe3d0-c2b2-11e4-8059-a5459812f909] - Session.negotiatedCapabilities - {"browserName":"phantomjs","version":"2.0.0","driverName":"ghostdriver","driverVersion":"1.2.0","platform":"windows-7-32bit","javascriptEnabled":true,"takesScreenshot":true,"handlesAlerts":false,"databaseEnabled":false,"locationContextEnabled":false,"applicationCacheEnabled":false,"browserConnectionEnabled":false,"cssSelectorsEnabled":true,"webStorageEnabled":false,"rotatable":false,"acceptSslCerts":false,"nativeEvents":true,"proxy":{"proxyType":"direct"}}
[INFO  - 2015-03-04T21:04:32.939Z] SessionManagerReqHand - _postNewSessionCommand - New Session Created: 0e5fe3d0-c2b2-11e4-8059-a5459812f909
[INFO  - 2015-03-04T21:10:23.973Z] GhostDriver - Main - running on port 2764
[INFO  - 2015-03-04T21:10:24.969Z] Session [e0342b00-c2b2-11e4-8df2-5f3e8b93caf7] - page.settings - {"XSSAuditingEnabled":false,"javascriptCanCloseWindows":true,"javascriptCanOpenWindows":true,"javascriptEnabled":true,"loadImages":true,"localToRemoteUrlAccessEnabled":false,"userAgent":"Mozilla/5.0 (Windows NT 6.1; WOW64) AppleWebKit/538.1 (KHTML, like Gecko) PhantomJS/2.0.0 Safari/538.1","webSecurityEnabled":true}
[INFO  - 2015-03-04T21:10:24.970Z] Session [e0342b00-c2b2-11e4-8df2-5f3e8b93caf7] - page.customHeaders:  - {}
[INFO  - 2015-03-04T21:10:24.971Z] Session [e0342b00-c2b2-11e4-8df2-5f3e8b93caf7] - Session.negotiatedCapabilities - {"browserName":"phantomjs","version":"2.0.0","driverName":"ghostdriver","driverVersion":"1.2.0","platform":"windows-7-32bit","javascriptEnabled":true,"takesScreenshot":true,"handlesAlerts":false,"databaseEnabled":false,"locationContextEnabled":false,"applicationCacheEnabled":false,"browserConnectionEnabled":false,"cssSelectorsEnabled":true,"webStorageEnabled":false,"rotatable":false,"acceptSslCerts":false,"nativeEvents":true,"proxy":{"proxyType":"direct"}}
[INFO  - 2015-03-04T21:10:24.971Z] SessionManagerReqHand - _postNewSessionCommand - New Session Created: e0342b00-c2b2-11e4-8df2-5f3e8b93caf7
[INFO  - 2015-03-04T21:13:04.844Z] GhostDriver - Main - running on port 36402
[INFO  - 2015-03-04T21:13:05.806Z] Session [4011a430-c2b3-11e4-8e1f-75cb9ce5bee3] - page.settings - {"XSSAuditingEnabled":false,"javascriptCanCloseWindows":true,"javascriptCanOpenWindows":true,"javascriptEnabled":true,"loadImages":true,"localToRemoteUrlAccessEnabled":false,"userAgent":"Mozilla/5.0 (Windows NT 6.1; WOW64) AppleWebKit/538.1 (KHTML, like Gecko) PhantomJS/2.0.0 Safari/538.1","webSecurityEnabled":true}
[INFO  - 2015-03-04T21:13:05.806Z] Session [4011a430-c2b3-11e4-8e1f-75cb9ce5bee3] - page.customHeaders:  - {}
[INFO  - 2015-03-04T21:13:05.807Z] Session [4011a430-c2b3-11e4-8e1f-75cb9ce5bee3] - Session.negotiatedCapabilities - {"browserName":"phantomjs","version":"2.0.0","driverName":"ghostdriver","driverVersion":"1.2.0","platform":"windows-7-32bit","javascriptEnabled":true,"takesScreenshot":true,"handlesAlerts":false,"databaseEnabled":false,"locationContextEnabled":false,"applicationCacheEnabled":false,"browserConnectionEnabled":false,"cssSelectorsEnabled":true,"webStorageEnabled":false,"rotatable":false,"acceptSslCerts":false,"nativeEvents":true,"proxy":{"proxyType":"direct"}}
[INFO  - 2015-03-04T21:13:05.807Z] SessionManagerReqHand - _postNewSessionCommand - New Session Created: 4011a430-c2b3-11e4-8e1f-75cb9ce5bee3
[INFO  - 2015-03-04T21:19:49.170Z] GhostDriver - Main - running on port 28414
[INFO  - 2015-03-04T21:19:50.141Z] Session [31130770-c2b4-11e4-abd1-598a3281d347] - page.settings - {"XSSAuditingEnabled":false,"javascriptCanCloseWindows":true,"javascriptCanOpenWindows":true,"javascriptEnabled":true,"loadImages":true,"localToRemoteUrlAccessEnabled":false,"userAgent":"Mozilla/5.0 (Windows NT 6.1; WOW64) AppleWebKit/538.1 (KHTML, like Gecko) PhantomJS/2.0.0 Safari/538.1","webSecurityEnabled":true}
[INFO  - 2015-03-04T21:19:50.141Z] Session [31130770-c2b4-11e4-abd1-598a3281d347] - page.customHeaders:  - {}
[INFO  - 2015-03-04T21:19:50.142Z] Session [31130770-c2b4-11e4-abd1-598a3281d347] - Session.negotiatedCapabilities - {"browserName":"phantomjs","version":"2.0.0","driverName":"ghostdriver","driverVersion":"1.2.0","platform":"windows-7-32bit","javascriptEnabled":true,"takesScreenshot":true,"handlesAlerts":false,"databaseEnabled":false,"locationContextEnabled":false,"applicationCacheEnabled":false,"browserConnectionEnabled":false,"cssSelectorsEnabled":true,"webStorageEnabled":false,"rotatable":false,"acceptSslCerts":false,"nativeEvents":true,"proxy":{"proxyType":"direct"}}
[INFO  - 2015-03-04T21:19:50.142Z] SessionManagerReqHand - _postNewSessionCommand - New Session Created: 31130770-c2b4-11e4-abd1-598a3281d347
[INFO  - 2015-03-04T21:24:49.166Z] SessionManagerReqHand - _cleanupWindowlessSessions - Asynchronous Sessions clean-up phase starting NOW
[INFO  - 2015-03-04T21:24:49.167Z] SessionManagerReqHand - _cleanupWindowlessSessions - Deleted Session '31130770-c2b4-11e4-abd1-598a3281d347', because windowless
Images":true,"localToRemoteUrlAccessEnabled":false,"userAgent":"Mozilla/5.0 (Windows NT 6.1; WOW64) AppleWebKit/538.1 (KHTML, like Gecko) PhantomJS/2.0.0 Safari/538.1","webSecurityEnabled":true}
[INFO  - 2015-03-04T21:24:38.126Z] Session [dcb92320-c2b4-11e4-b343-2b41a308fce7] - page.customHeaders:  - {}
[INFO  - 2015-03-04T21:24:38.127Z] Session [dcb92320-c2b4-11e4-b343-2b41a308fce7] - Session.negotiatedCapabilities - {"browserName":"phantomjs","version":"2.0.0","driverName":"ghostdriver","driverVersion":"1.2.0","platform":"windows-7-32bit","javascriptEnabled":true,"takesScreenshot":true,"handlesAlerts":false,"databaseEnabled":false,"locationContextEnabled":false,"applicationCacheEnabled":false,"browserConnectionEnabled":false,"cssSelectorsEnabled":true,"webStorageEnabled":false,"rotatable":false,"acceptSslCerts":false,"nativeEvents":true,"proxy":{"proxyType":"direct"}}
[INFO  - 2015-03-04T21:24:38.127Z] SessionManagerReqHand - _postNewSessionCommand - New Session Created: dcb92320-c2b4-11e4-b343-2b41a308fce7
[INFO  - 2015-03-04T21:29:37.254Z] SessionManagerReqHand - _cleanupWindowlessSessions - Asynchronous Sessions clean-up phase starting NOW
[INFO  - 2015-03-04T21:29:37.255Z] SessionManagerReqHand - _cleanupWindowlessSessions - Deleted Session 'dcb92320-c2b4-11e4-b343-2b41a308fce7', because windowless
[INFO  - 2015-03-04T21:45:02.468Z] GhostDriver - Main - running on port 15655
[INFO  - 2015-03-04T21:45:03.255Z] Session [b6f571e0-c2b7-11e4-bfbe-d591542761b1] - page.settings - {"XSSAuditingEnabled":false,"javascriptCanCloseWindows":true,"javascriptCanOpenWindows":true,"javascriptEnabled":true,"loadImages":true,"localToRemoteUrlAccessEnabled":false,"userAgent":"Mozilla/5.0 (Windows NT 6.1; WOW64) AppleWebKit/538.1 (KHTML, like Gecko) PhantomJS/2.0.0 Safari/538.1","webSecurityEnabled":true}
[INFO  - 2015-03-04T21:45:03.255Z] Session [b6f571e0-c2b7-11e4-bfbe-d591542761b1] - page.customHeaders:  - {}
[INFO  - 2015-03-04T21:45:03.256Z] Session [b6f571e0-c2b7-11e4-bfbe-d591542761b1] - Session.negotiatedCapabilities - {"browserName":"phantomjs","version":"2.0.0","driverName":"ghostdriver","driverVersion":"1.2.0","platform":"windows-7-32bit","javascriptEnabled":true,"takesScreenshot":true,"handlesAlerts":false,"databaseEnabled":false,"locationContextEnabled":false,"applicationCacheEnabled":false,"browserConnectionEnabled":false,"cssSelectorsEnabled":true,"webStorageEnabled":false,"rotatable":false,"acceptSslCerts":false,"nativeEvents":true,"proxy":{"proxyType":"direct"}}
[INFO  - 2015-03-04T21:45:03.257Z] SessionManagerReqHand - _postNewSessionCommand - New Session Created: b6f571e0-c2b7-11e4-bfbe-d591542761b1
[INFO  - 2015-03-04T21:50:02.888Z] SessionManagerReqHand - _cleanupWindowlessSessions - Asynchronous Sessions clean-up phase starting NOW
[INFO  - 2015-03-04T21:50:02.889Z] SessionManagerReqHand - _cleanupWindowlessSessions - Deleted Session 'b6f571e0-c2b7-11e4-bfbe-d591542761b1', because windowless
Images":true,"localToRemoteUrlAccessEnabled":false,"userAgent":"Mozilla/5.0 (Windows NT 6.1; WOW64) AppleWebKit/538.1 (KHTML, like Gecko) PhantomJS/2.0.0 Safari/538.1","webSecurityEnabled":true}
[INFO  - 2015-03-04T21:46:20.320Z] Session [e4e58bd0-c2b7-11e4-b99a-6378b7d8e388] - page.customHeaders:  - {}
[INFO  - 2015-03-04T21:46:20.320Z] Session [e4e58bd0-c2b7-11e4-b99a-6378b7d8e388] - Session.negotiatedCapabilities - {"browserName":"phantomjs","version":"2.0.0","driverName":"ghostdriver","driverVersion":"1.2.0","platform":"windows-7-32bit","javascriptEnabled":true,"takesScreenshot":true,"handlesAlerts":false,"databaseEnabled":false,"locationContextEnabled":false,"applicationCacheEnabled":false,"browserConnectionEnabled":false,"cssSelectorsEnabled":true,"webStorageEnabled":false,"rotatable":false,"acceptSslCerts":false,"nativeEvents":true,"proxy":{"proxyType":"direct"}}
[INFO  - 2015-03-04T21:46:20.320Z] SessionManagerReqHand - _postNewSessionCommand - New Session Created: e4e58bd0-c2b7-11e4-b99a-6378b7d8e388
[INFO  - 2015-03-04T21:51:19.378Z] SessionManagerReqHand - _cleanupWindowlessSessions - Asynchronous Sessions clean-up phase starting NOW
[INFO  - 2015-03-04T21:51:19.379Z] SessionManagerReqHand - _cleanupWindowlessSessions - Deleted Session 'e4e58bd0-c2b7-11e4-b99a-6378b7d8e388', because windowless
[INFO  - 2015-03-04T21:51:46.824Z] GhostDriver - Main - running on port 46156
[INFO  - 2015-03-04T21:51:47.696Z] Session [a805a230-c2b8-11e4-9356-7d9f47847429] - page.settings - {"XSSAuditingEnabled":false,"javascriptCanCloseWindows":true,"javascriptCanOpenWindows":true,"javascriptEnabled":true,"loadImages":true,"localToRemoteUrlAccessEnabled":false,"userAgent":"Mozilla/5.0 (Windows NT 6.1; WOW64) AppleWebKit/538.1 (KHTML, like Gecko) PhantomJS/2.0.0 Safari/538.1","webSecurityEnabled":true}
[INFO  - 2015-03-04T21:51:47.697Z] Session [a805a230-c2b8-11e4-9356-7d9f47847429] - page.customHeaders:  - {}
[INFO  - 2015-03-04T21:51:47.698Z] Session [a805a230-c2b8-11e4-9356-7d9f47847429] - Session.negotiatedCapabilities - {"browserName":"phantomjs","version":"2.0.0","driverName":"ghostdriver","driverVersion":"1.2.0","platform":"windows-7-32bit","javascriptEnabled":true,"takesScreenshot":true,"handlesAlerts":false,"databaseEnabled":false,"locationContextEnabled":false,"applicationCacheEnabled":false,"browserConnectionEnabled":false,"cssSelectorsEnabled":true,"webStorageEnabled":false,"rotatable":false,"acceptSslCerts":false,"nativeEvents":true,"proxy":{"proxyType":"direct"}}
[INFO  - 2015-03-04T21:51:47.698Z] SessionManagerReqHand - _postNewSessionCommand - New Session Created: a805a230-c2b8-11e4-9356-7d9f47847429
[INFO  - 2015-03-04T21:56:46.808Z] SessionManagerReqHand - _cleanupWindowlessSessions - Asynchronous Sessions clean-up phase starting NOW
[INFO  - 2015-03-04T21:56:46.809Z] SessionManagerReqHand - _cleanupWindowlessSessions - Deleted Session 'a805a230-c2b8-11e4-9356-7d9f47847429', because windowless
Images":true,"localToRemoteUrlAccessEnabled":false,"userAgent":"Mozilla/5.0 (Windows NT 6.1; WOW64) AppleWebKit/538.1 (KHTML, like Gecko) PhantomJS/2.0.0 Safari/538.1","webSecurityEnabled":true}
[INFO  - 2015-03-04T21:51:55.595Z] Session [acbb3b00-c2b8-11e4-a188-3d7b7a6cf7e0] - page.customHeaders:  - {}
[INFO  - 2015-03-04T21:51:55.595Z] Session [acbb3b00-c2b8-11e4-a188-3d7b7a6cf7e0] - Session.negotiatedCapabilities - {"browserName":"phantomjs","version":"2.0.0","driverName":"ghostdriver","driverVersion":"1.2.0","platform":"windows-7-32bit","javascriptEnabled":true,"takesScreenshot":true,"handlesAlerts":false,"databaseEnabled":false,"locationContextEnabled":false,"applicationCacheEnabled":false,"browserConnectionEnabled":false,"cssSelectorsEnabled":true,"webStorageEnabled":false,"rotatable":false,"acceptSslCerts":false,"nativeEvents":true,"proxy":{"proxyType":"direct"}}
[INFO  - 2015-03-04T21:51:55.596Z] SessionManagerReqHand - _postNewSessionCommand - New Session Created: acbb3b00-c2b8-11e4-a188-3d7b7a6cf7e0
[INFO  - 2015-03-04T21:56:55.233Z] SessionManagerReqHand - _cleanupWindowlessSessions - Asynchronous Sessions clean-up phase starting NOW
[INFO  - 2015-03-04T21:56:55.234Z] SessionManagerReqHand - _cleanupWindowlessSessions - Deleted Session 'acbb3b00-c2b8-11e4-a188-3d7b7a6cf7e0', because windowless
Images":true,"localToRemoteUrlAccessEnabled":false,"userAgent":"Mozilla/5.0 (Windows NT 6.1; WOW64) AppleWebKit/538.1 (KHTML, like Gecko) PhantomJS/2.0.0 Safari/538.1","webSecurityEnabled":true}
[INFO  - 2015-03-04T21:52:08.534Z] Session [b4711b80-c2b8-11e4-be1a-85e0f077cd4b] - page.customHeaders:  - {}
[INFO  - 2015-03-04T21:52:08.534Z] Session [b4711b80-c2b8-11e4-be1a-85e0f077cd4b] - Session.negotiatedCapabilities - {"browserName":"phantomjs","version":"2.0.0","driverName":"ghostdriver","driverVersion":"1.2.0","platform":"windows-7-32bit","javascriptEnabled":true,"takesScreenshot":true,"handlesAlerts":false,"databaseEnabled":false,"locationContextEnabled":false,"applicationCacheEnabled":false,"browserConnectionEnabled":false,"cssSelectorsEnabled":true,"webStorageEnabled":false,"rotatable":false,"acceptSslCerts":false,"nativeEvents":true,"proxy":{"proxyType":"direct"}}
[INFO  - 2015-03-04T21:52:08.535Z] SessionManagerReqHand - _postNewSessionCommand - New Session Created: b4711b80-c2b8-11e4-be1a-85e0f077cd4b
[INFO  - 2015-03-04T21:57:07.819Z] SessionManagerReqHand - _cleanupWindowlessSessions - Asynchronous Sessions clean-up phase starting NOW
[INFO  - 2015-03-04T21:57:07.820Z] SessionManagerReqHand - _cleanupWindowlessSessions - Deleted Session 'b4711b80-c2b8-11e4-be1a-85e0f077cd4b', because windowless
Images":true,"localToRemoteUrlAccessEnabled":false,"userAgent":"Mozilla/5.0 (Windows NT 6.1; WOW64) AppleWebKit/538.1 (KHTML, like Gecko) PhantomJS/2.0.0 Safari/538.1","webSecurityEnabled":true}
[INFO  - 2015-03-04T21:52:15.619Z] Session [b8ac2d20-c2b8-11e4-90c2-6d505c549d8b] - page.customHeaders:  - {}
[INFO  - 2015-03-04T21:52:15.619Z] Session [b8ac2d20-c2b8-11e4-90c2-6d505c549d8b] - Session.negotiatedCapabilities - {"browserName":"phantomjs","version":"2.0.0","driverName":"ghostdriver","driverVersion":"1.2.0","platform":"windows-7-32bit","javascriptEnabled":true,"takesScreenshot":true,"handlesAlerts":false,"databaseEnabled":false,"locationContextEnabled":false,"applicationCacheEnabled":false,"browserConnectionEnabled":false,"cssSelectorsEnabled":true,"webStorageEnabled":false,"rotatable":false,"acceptSslCerts":false,"nativeEvents":true,"proxy":{"proxyType":"direct"}}
[INFO  - 2015-03-04T21:52:15.619Z] SessionManagerReqHand - _postNewSessionCommand - New Session Created: b8ac2d20-c2b8-11e4-90c2-6d505c549d8b
[INFO  - 2015-03-04T21:57:15.742Z] SessionManagerReqHand - _cleanupWindowlessSessions - Asynchronous Sessions clean-up phase starting NOW
[INFO  - 2015-03-04T21:57:15.743Z] SessionManagerReqHand - _cleanupWindowlessSessions - Deleted Session 'b8ac2d20-c2b8-11e4-90c2-6d505c549d8b', because windowless
[INFO  - 2015-03-04T22:00:24.108Z] GhostDriver - Main - running on port 21314
[INFO  - 2015-03-04T22:00:24.548Z] Session [dc1772a0-c2b9-11e4-ba72-3f34373a606d] - page.settings - {"XSSAuditingEnabled":false,"javascriptCanCloseWindows":true,"javascriptCanOpenWindows":true,"javascriptEnabled":true,"loadImages":true,"localToRemoteUrlAccessEnabled":false,"userAgent":"Mozilla/5.0 (Windows NT 6.1; WOW64) AppleWebKit/538.1 (KHTML, like Gecko) PhantomJS/2.0.0 Safari/538.1","webSecurityEnabled":true}
[INFO  - 2015-03-04T22:00:24.549Z] Session [dc1772a0-c2b9-11e4-ba72-3f34373a606d] - page.customHeaders:  - {}
[INFO  - 2015-03-04T22:00:24.549Z] Session [dc1772a0-c2b9-11e4-ba72-3f34373a606d] - Session.negotiatedCapabilities - {"browserName":"phantomjs","version":"2.0.0","driverName":"ghostdriver","driverVersion":"1.2.0","platform":"windows-7-32bit","javascriptEnabled":true,"takesScreenshot":true,"handlesAlerts":false,"databaseEnabled":false,"locationContextEnabled":false,"applicationCacheEnabled":false,"browserConnectionEnabled":false,"cssSelectorsEnabled":true,"webStorageEnabled":false,"rotatable":false,"acceptSslCerts":false,"nativeEvents":true,"proxy":{"proxyType":"direct"}}
[INFO  - 2015-03-04T22:00:24.555Z] SessionManagerReqHand - _postNewSessionCommand - New Session Created: dc1772a0-c2b9-11e4-ba72-3f34373a606d
[INFO  - 2015-03-04T22:05:24.090Z] SessionManagerReqHand - _cleanupWindowlessSessions - Asynchronous Sessions clean-up phase starting NOW
[INFO  - 2015-03-04T22:05:24.091Z] SessionManagerReqHand - _cleanupWindowlessSessions - Deleted Session 'dc1772a0-c2b9-11e4-ba72-3f34373a606d', because windowless
mages":true,"localToRemoteUrlAccessEnabled":false,"userAgent":"Mozilla/5.0 (Windows NT 6.1; WOW64) AppleWebKit/538.1 (KHTML, like Gecko) PhantomJS/2.0.0 Safari/538.1","webSecurityEnabled":true}
[INFO  - 2015-03-04T22:00:50.132Z] Session [eb571a90-c2b9-11e4-b016-d7dc03e73fc7] - page.customHeaders:  - {}
[INFO  - 2015-03-04T22:00:50.133Z] Session [eb571a90-c2b9-11e4-b016-d7dc03e73fc7] - Session.negotiatedCapabilities - {"browserName":"phantomjs","version":"2.0.0","driverName":"ghostdriver","driverVersion":"1.2.0","platform":"windows-7-32bit","javascriptEnabled":true,"takesScreenshot":true,"handlesAlerts":false,"databaseEnabled":false,"locationContextEnabled":false,"applicationCacheEnabled":false,"browserConnectionEnabled":false,"cssSelectorsEnabled":true,"webStorageEnabled":false,"rotatable":false,"acceptSslCerts":false,"nativeEvents":true,"proxy":{"proxyType":"direct"}}
[INFO  - 2015-03-04T22:00:50.133Z] SessionManagerReqHand - _postNewSessionCommand - New Session Created: eb571a90-c2b9-11e4-b016-d7dc03e73fc7
[INFO  - 2015-03-04T22:05:49.439Z] SessionManagerReqHand - _cleanupWindowlessSessions - Asynchronous Sessions clean-up phase starting NOW
[INFO  - 2015-03-04T22:05:49.440Z] SessionManagerReqHand - _cleanupWindowlessSessions - Deleted Session 'eb571a90-c2b9-11e4-b016-d7dc03e73fc7', because windowless
Images":true,"localToRemoteUrlAccessEnabled":false,"userAgent":"Mozilla/5.0 (Windows NT 6.1; WOW64) AppleWebKit/538.1 (KHTML, like Gecko) PhantomJS/2.0.0 Safari/538.1","webSecurityEnabled":true}
[INFO  - 2015-03-04T22:01:24.779Z] Session [fffe1f20-c2b9-11e4-909e-657ed0d7d7de] - page.customHeaders:  - {}
[INFO  - 2015-03-04T22:01:24.780Z] Session [fffe1f20-c2b9-11e4-909e-657ed0d7d7de] - Session.negotiatedCapabilities - {"browserName":"phantomjs","version":"2.0.0","driverName":"ghostdriver","driverVersion":"1.2.0","platform":"windows-7-32bit","javascriptEnabled":true,"takesScreenshot":true,"handlesAlerts":false,"databaseEnabled":false,"locationContextEnabled":false,"applicationCacheEnabled":false,"browserConnectionEnabled":false,"cssSelectorsEnabled":true,"webStorageEnabled":false,"rotatable":false,"acceptSslCerts":false,"nativeEvents":true,"proxy":{"proxyType":"direct"}}
[INFO  - 2015-03-04T22:01:24.780Z] SessionManagerReqHand - _postNewSessionCommand - New Session Created: fffe1f20-c2b9-11e4-909e-657ed0d7d7de
[INFO  - 2015-03-04T22:06:24.717Z] SessionManagerReqHand - _cleanupWindowlessSessions - Asynchronous Sessions clean-up phase starting NOW
[INFO  - 2015-03-04T22:06:24.718Z] SessionManagerReqHand - _cleanupWindowlessSessions - Deleted Session 'fffe1f20-c2b9-11e4-909e-657ed0d7d7de', because windowless
Images":true,"localToRemoteUrlAccessEnabled":false,"userAgent":"Mozilla/5.0 (Windows NT 6.1; WOW64) AppleWebKit/538.1 (KHTML, like Gecko) PhantomJS/2.0.0 Safari/538.1","webSecurityEnabled":true}
[INFO  - 2015-03-04T22:01:38.884Z] Session [0866add0-c2ba-11e4-9715-495c167e1c00] - page.customHeaders:  - {}
[INFO  - 2015-03-04T22:01:38.884Z] Session [0866add0-c2ba-11e4-9715-495c167e1c00] - Session.negotiatedCapabilities - {"browserName":"phantomjs","version":"2.0.0","driverName":"ghostdriver","driverVersion":"1.2.0","platform":"windows-7-32bit","javascriptEnabled":true,"takesScreenshot":true,"handlesAlerts":false,"databaseEnabled":false,"locationContextEnabled":false,"applicationCacheEnabled":false,"browserConnectionEnabled":false,"cssSelectorsEnabled":true,"webStorageEnabled":false,"rotatable":false,"acceptSslCerts":false,"nativeEvents":true,"proxy":{"proxyType":"direct"}}
[INFO  - 2015-03-04T22:01:38.885Z] SessionManagerReqHand - _postNewSessionCommand - New Session Created: 0866add0-c2ba-11e4-9715-495c167e1c00
[INFO  - 2015-03-04T22:06:38.570Z] SessionManagerReqHand - _cleanupWindowlessSessions - Asynchronous Sessions clean-up phase starting NOW
[INFO  - 2015-03-04T22:06:38.571Z] SessionManagerReqHand - _cleanupWindowlessSessions - Deleted Session '0866add0-c2ba-11e4-9715-495c167e1c00', because windowless
[INFO  - 2015-03-04T23:53:07.712Z] GhostDriver - Main - running on port 33702
[INFO  - 2015-03-04T23:53:08.397Z] Session [9ba93450-c2c9-11e4-8571-9dac23a1bcde] - page.settings - {"XSSAuditingEnabled":false,"javascriptCanCloseWindows":true,"javascriptCanOpenWindows":true,"javascriptEnabled":true,"loadImages":true,"localToRemoteUrlAccessEnabled":false,"userAgent":"Mozilla/5.0 (Windows NT 6.1; WOW64) AppleWebKit/538.1 (KHTML, like Gecko) PhantomJS/2.0.0 Safari/538.1","webSecurityEnabled":true}
[INFO  - 2015-03-04T23:53:08.398Z] Session [9ba93450-c2c9-11e4-8571-9dac23a1bcde] - page.customHeaders:  - {}
[INFO  - 2015-03-04T23:53:08.398Z] Session [9ba93450-c2c9-11e4-8571-9dac23a1bcde] - Session.negotiatedCapabilities - {"browserName":"phantomjs","version":"2.0.0","driverName":"ghostdriver","driverVersion":"1.2.0","platform":"windows-7-32bit","javascriptEnabled":true,"takesScreenshot":true,"handlesAlerts":false,"databaseEnabled":false,"locationContextEnabled":false,"applicationCacheEnabled":false,"browserConnectionEnabled":false,"cssSelectorsEnabled":true,"webStorageEnabled":false,"rotatable":false,"acceptSslCerts":false,"nativeEvents":true,"proxy":{"proxyType":"direct"}}
[INFO  - 2015-03-04T23:53:08.399Z] SessionManagerReqHand - _postNewSessionCommand - New Session Created: 9ba93450-c2c9-11e4-8571-9dac23a1bcde
[INFO  - 2015-03-04T23:58:08.091Z] SessionManagerReqHand - _cleanupWindowlessSessions - Asynchronous Sessions clean-up phase starting NOW
[INFO  - 2015-03-04T23:58:08.092Z] SessionManagerReqHand - _cleanupWindowlessSessions - Deleted Session '9ba93450-c2c9-11e4-8571-9dac23a1bcde', because windowless
Images":true,"localToRemoteUrlAccessEnabled":false,"userAgent":"Mozilla/5.0 (Windows NT 6.1; WOW64) AppleWebKit/538.1 (KHTML, like Gecko) PhantomJS/2.0.0 Safari/538.1","webSecurityEnabled":true}
[INFO  - 2015-03-04T23:53:39.910Z] Session [ae71b4e0-c2c9-11e4-b1a0-23dec7327c31] - page.customHeaders:  - {}
[INFO  - 2015-03-04T23:53:39.912Z] Session [ae71b4e0-c2c9-11e4-b1a0-23dec7327c31] - Session.negotiatedCapabilities - {"browserName":"phantomjs","version":"2.0.0","driverName":"ghostdriver","driverVersion":"1.2.0","platform":"windows-7-32bit","javascriptEnabled":true,"takesScreenshot":true,"handlesAlerts":false,"databaseEnabled":false,"locationContextEnabled":false,"applicationCacheEnabled":false,"browserConnectionEnabled":false,"cssSelectorsEnabled":true,"webStorageEnabled":false,"rotatable":false,"acceptSslCerts":false,"nativeEvents":true,"proxy":{"proxyType":"direct"}}
[INFO  - 2015-03-04T23:53:39.913Z] SessionManagerReqHand - _postNewSessionCommand - New Session Created: ae71b4e0-c2c9-11e4-b1a0-23dec7327c31
[INFO  - 2015-03-04T23:58:39.787Z] SessionManagerReqHand - _cleanupWindowlessSessions - Asynchronous Sessions clean-up phase starting NOW
[INFO  - 2015-03-04T23:58:39.788Z] SessionManagerReqHand - _cleanupWindowlessSessions - Deleted Session 'ae71b4e0-c2c9-11e4-b1a0-23dec7327c31', because windowless
Images":true,"localToRemoteUrlAccessEnabled":false,"userAgent":"Mozilla/5.0 (Windows NT 6.1; WOW64) AppleWebKit/538.1 (KHTML, like Gecko) PhantomJS/2.0.0 Safari/538.1","webSecurityEnabled":true}
[INFO  - 2015-03-04T23:53:55.198Z] Session [b78f3bb0-c2c9-11e4-bc89-bf15af10613d] - page.customHeaders:  - {}
[INFO  - 2015-03-04T23:53:55.199Z] Session [b78f3bb0-c2c9-11e4-bc89-bf15af10613d] - Session.negotiatedCapabilities - {"browserName":"phantomjs","version":"2.0.0","driverName":"ghostdriver","driverVersion":"1.2.0","platform":"windows-7-32bit","javascriptEnabled":true,"takesScreenshot":true,"handlesAlerts":false,"databaseEnabled":false,"locationContextEnabled":false,"applicationCacheEnabled":false,"browserConnectionEnabled":false,"cssSelectorsEnabled":true,"webStorageEnabled":false,"rotatable":false,"acceptSslCerts":false,"nativeEvents":true,"proxy":{"proxyType":"direct"}}
[INFO  - 2015-03-04T23:53:55.199Z] SessionManagerReqHand - _postNewSessionCommand - New Session Created: b78f3bb0-c2c9-11e4-bc89-bf15af10613d
[INFO  - 2015-03-04T23:58:54.740Z] SessionManagerReqHand - _cleanupWindowlessSessions - Asynchronous Sessions clean-up phase starting NOW
[INFO  - 2015-03-04T23:58:54.741Z] SessionManagerReqHand - _cleanupWindowlessSessions - Deleted Session 'b78f3bb0-c2c9-11e4-bc89-bf15af10613d', because windowless
Images":true,"localToRemoteUrlAccessEnabled":false,"userAgent":"Mozilla/5.0 (Windows NT 6.1; WOW64) AppleWebKit/538.1 (KHTML, like Gecko) PhantomJS/2.0.0 Safari/538.1","webSecurityEnabled":true}
[INFO  - 2015-03-04T23:54:08.747Z] Session [bfa2cc90-c2c9-11e4-9ba1-89c7e8d4ca89] - page.customHeaders:  - {}
[INFO  - 2015-03-04T23:54:08.747Z] Session [bfa2cc90-c2c9-11e4-9ba1-89c7e8d4ca89] - Session.negotiatedCapabilities - {"browserName":"phantomjs","version":"2.0.0","driverName":"ghostdriver","driverVersion":"1.2.0","platform":"windows-7-32bit","javascriptEnabled":true,"takesScreenshot":true,"handlesAlerts":false,"databaseEnabled":false,"locationContextEnabled":false,"applicationCacheEnabled":false,"browserConnectionEnabled":false,"cssSelectorsEnabled":true,"webStorageEnabled":false,"rotatable":false,"acceptSslCerts":false,"nativeEvents":true,"proxy":{"proxyType":"direct"}}
[INFO  - 2015-03-04T23:54:08.748Z] SessionManagerReqHand - _postNewSessionCommand - New Session Created: bfa2cc90-c2c9-11e4-9ba1-89c7e8d4ca89
[INFO  - 2015-03-04T23:59:08.683Z] SessionManagerReqHand - _cleanupWindowlessSessions - Asynchronous Sessions clean-up phase starting NOW
[INFO  - 2015-03-04T23:59:08.684Z] SessionManagerReqHand - _cleanupWindowlessSessions - Deleted Session 'bfa2cc90-c2c9-11e4-9ba1-89c7e8d4ca89', because windowless
[INFO  - 2015-03-05T09:02:02.209Z] GhostDriver - Main - running on port 41488
[INFO  - 2015-03-05T09:02:03.077Z] Session [4a4218a0-c316-11e4-b942-732f5c9ff0e4] - page.settings - {"XSSAuditingEnabled":false,"javascriptCanCloseWindows":true,"javascriptCanOpenWindows":true,"javascriptEnabled":true,"loadImages":true,"localToRemoteUrlAccessEnabled":false,"userAgent":"Mozilla/5.0 (Windows NT 6.1; WOW64) AppleWebKit/538.1 (KHTML, like Gecko) PhantomJS/2.0.0 Safari/538.1","webSecurityEnabled":true}
[INFO  - 2015-03-05T09:02:03.077Z] Session [4a4218a0-c316-11e4-b942-732f5c9ff0e4] - page.customHeaders:  - {}
[INFO  - 2015-03-05T09:02:03.078Z] Session [4a4218a0-c316-11e4-b942-732f5c9ff0e4] - Session.negotiatedCapabilities - {"browserName":"phantomjs","version":"2.0.0","driverName":"ghostdriver","driverVersion":"1.2.0","platform":"windows-7-32bit","javascriptEnabled":true,"takesScreenshot":true,"handlesAlerts":false,"databaseEnabled":false,"locationContextEnabled":false,"applicationCacheEnabled":false,"browserConnectionEnabled":false,"cssSelectorsEnabled":true,"webStorageEnabled":false,"rotatable":false,"acceptSslCerts":false,"nativeEvents":true,"proxy":{"proxyType":"direct"}}
[INFO  - 2015-03-05T09:02:03.078Z] SessionManagerReqHand - _postNewSessionCommand - New Session Created: 4a4218a0-c316-11e4-b942-732f5c9ff0e4
[INFO  - 2015-03-05T09:07:02.200Z] SessionManagerReqHand - _cleanupWindowlessSessions - Asynchronous Sessions clean-up phase starting NOW
[INFO  - 2015-03-05T09:07:02.201Z] SessionManagerReqHand - _cleanupWindowlessSessions - Deleted Session '4a4218a0-c316-11e4-b942-732f5c9ff0e4', because windowless
Images":true,"localToRemoteUrlAccessEnabled":false,"userAgent":"Mozilla/5.0 (Windows NT 6.1; WOW64) AppleWebKit/538.1 (KHTML, like Gecko) PhantomJS/2.0.0 Safari/538.1","webSecurityEnabled":true}
[INFO  - 2015-03-05T09:02:31.011Z] Session [5ae8a390-c316-11e4-867b-f9a410aea880] - page.customHeaders:  - {}
[INFO  - 2015-03-05T09:02:31.012Z] Session [5ae8a390-c316-11e4-867b-f9a410aea880] - Session.negotiatedCapabilities - {"browserName":"phantomjs","version":"2.0.0","driverName":"ghostdriver","driverVersion":"1.2.0","platform":"windows-7-32bit","javascriptEnabled":true,"takesScreenshot":true,"handlesAlerts":false,"databaseEnabled":false,"locationContextEnabled":false,"applicationCacheEnabled":false,"browserConnectionEnabled":false,"cssSelectorsEnabled":true,"webStorageEnabled":false,"rotatable":false,"acceptSslCerts":false,"nativeEvents":true,"proxy":{"proxyType":"direct"}}
[INFO  - 2015-03-05T09:02:31.012Z] SessionManagerReqHand - _postNewSessionCommand - New Session Created: 5ae8a390-c316-11e4-867b-f9a410aea880
[INFO  - 2015-03-05T09:07:30.150Z] SessionManagerReqHand - _cleanupWindowlessSessions - Asynchronous Sessions clean-up phase starting NOW
[INFO  - 2015-03-05T09:07:30.151Z] SessionManagerReqHand - _cleanupWindowlessSessions - Deleted Session '5ae8a390-c316-11e4-867b-f9a410aea880', because windowless
Images":true,"localToRemoteUrlAccessEnabled":false,"userAgent":"Mozilla/5.0 (Windows NT 6.1; WOW64) AppleWebKit/538.1 (KHTML, like Gecko) PhantomJS/2.0.0 Safari/538.1","webSecurityEnabled":true}
[INFO  - 2015-03-05T09:02:46.759Z] Session [644cf760-c316-11e4-9460-c760f7230811] - page.customHeaders:  - {}
[INFO  - 2015-03-05T09:02:46.760Z] Session [644cf760-c316-11e4-9460-c760f7230811] - Session.negotiatedCapabilities - {"browserName":"phantomjs","version":"2.0.0","driverName":"ghostdriver","driverVersion":"1.2.0","platform":"windows-7-32bit","javascriptEnabled":true,"takesScreenshot":true,"handlesAlerts":false,"databaseEnabled":false,"locationContextEnabled":false,"applicationCacheEnabled":false,"browserConnectionEnabled":false,"cssSelectorsEnabled":true,"webStorageEnabled":false,"rotatable":false,"acceptSslCerts":false,"nativeEvents":true,"proxy":{"proxyType":"direct"}}
[INFO  - 2015-03-05T09:02:46.760Z] SessionManagerReqHand - _postNewSessionCommand - New Session Created: 644cf760-c316-11e4-9460-c760f7230811
[INFO  - 2015-03-05T09:07:45.940Z] SessionManagerReqHand - _cleanupWindowlessSessions - Asynchronous Sessions clean-up phase starting NOW
[INFO  - 2015-03-05T09:07:45.942Z] SessionManagerReqHand - _cleanupWindowlessSessions - Deleted Session '644cf760-c316-11e4-9460-c760f7230811', because windowless
Images":true,"localToRemoteUrlAccessEnabled":false,"userAgent":"Mozilla/5.0 (Windows NT 6.1; WOW64) AppleWebKit/538.1 (KHTML, like Gecko) PhantomJS/2.0.0 Safari/538.1","webSecurityEnabled":true}
[INFO  - 2015-03-05T09:03:22.174Z] Session [79675730-c316-11e4-80cd-b3fd8a09c5e5] - page.customHeaders:  - {}
[INFO  - 2015-03-05T09:03:22.174Z] Session [79675730-c316-11e4-80cd-b3fd8a09c5e5] - Session.negotiatedCapabilities - {"browserName":"phantomjs","version":"2.0.0","driverName":"ghostdriver","driverVersion":"1.2.0","platform":"windows-7-32bit","javascriptEnabled":true,"takesScreenshot":true,"handlesAlerts":false,"databaseEnabled":false,"locationContextEnabled":false,"applicationCacheEnabled":false,"browserConnectionEnabled":false,"cssSelectorsEnabled":true,"webStorageEnabled":false,"rotatable":false,"acceptSslCerts":false,"nativeEvents":true,"proxy":{"proxyType":"direct"}}
[INFO  - 2015-03-05T09:03:22.175Z] SessionManagerReqHand - _postNewSessionCommand - New Session Created: 79675730-c316-11e4-80cd-b3fd8a09c5e5
[INFO  - 2015-03-05T09:08:21.151Z] SessionManagerReqHand - _cleanupWindowlessSessions - Asynchronous Sessions clean-up phase starting NOW
[INFO  - 2015-03-05T09:08:21.152Z] SessionManagerReqHand - _cleanupWindowlessSessions - Deleted Session '79675730-c316-11e4-80cd-b3fd8a09c5e5', because windowless
[INFO  - 2015-03-05T09:21:43.450Z] GhostDriver - Main - running on port 21309
[INFO  - 2015-03-05T09:21:44.562Z] Session [0a7adba0-c319-11e4-819e-f1858c5f52ad] - page.settings - {"XSSAuditingEnabled":false,"javascriptCanCloseWindows":true,"javascriptCanOpenWindows":true,"javascriptEnabled":true,"loadImages":true,"localToRemoteUrlAccessEnabled":false,"userAgent":"Mozilla/5.0 (Windows NT 6.1; WOW64) AppleWebKit/538.1 (KHTML, like Gecko) PhantomJS/2.0.0 Safari/538.1","webSecurityEnabled":true}
[INFO  - 2015-03-05T09:21:44.566Z] Session [0a7adba0-c319-11e4-819e-f1858c5f52ad] - page.customHeaders:  - {}
[INFO  - 2015-03-05T09:21:44.567Z] Session [0a7adba0-c319-11e4-819e-f1858c5f52ad] - Session.negotiatedCapabilities - {"browserName":"phantomjs","version":"2.0.0","driverName":"ghostdriver","driverVersion":"1.2.0","platform":"windows-7-32bit","javascriptEnabled":true,"takesScreenshot":true,"handlesAlerts":false,"databaseEnabled":false,"locationContextEnabled":false,"applicationCacheEnabled":false,"browserConnectionEnabled":false,"cssSelectorsEnabled":true,"webStorageEnabled":false,"rotatable":false,"acceptSslCerts":false,"nativeEvents":true,"proxy":{"proxyType":"direct"}}
[INFO  - 2015-03-05T09:21:44.568Z] SessionManagerReqHand - _postNewSessionCommand - New Session Created: 0a7adba0-c319-11e4-819e-f1858c5f52ad
[INFO  - 2015-03-05T09:26:43.909Z] SessionManagerReqHand - _cleanupWindowlessSessions - Asynchronous Sessions clean-up phase starting NOW
[INFO  - 2015-03-05T09:26:43.911Z] SessionManagerReqHand - _cleanupWindowlessSessions - Deleted Session '0a7adba0-c319-11e4-819e-f1858c5f52ad', because windowless
[INFO  - 2015-03-05T09:54:23.953Z] GhostDriver - Main - running on port 35202
[INFO  - 2015-03-05T09:54:25.548Z] Session [9b500ca0-c31d-11e4-affe-81c15f218600] - page.settings - {"XSSAuditingEnabled":false,"javascriptCanCloseWindows":true,"javascriptCanOpenWindows":true,"javascriptEnabled":true,"loadImages":true,"localToRemoteUrlAccessEnabled":false,"userAgent":"Mozilla/5.0 (Windows NT 6.1; WOW64) AppleWebKit/538.1 (KHTML, like Gecko) PhantomJS/2.0.0 Safari/538.1","webSecurityEnabled":true}
[INFO  - 2015-03-05T09:54:25.549Z] Session [9b500ca0-c31d-11e4-affe-81c15f218600] - page.customHeaders:  - {}
[INFO  - 2015-03-05T09:54:25.549Z] Session [9b500ca0-c31d-11e4-affe-81c15f218600] - Session.negotiatedCapabilities - {"browserName":"phantomjs","version":"2.0.0","driverName":"ghostdriver","driverVersion":"1.2.0","platform":"windows-7-32bit","javascriptEnabled":true,"takesScreenshot":true,"handlesAlerts":false,"databaseEnabled":false,"locationContextEnabled":false,"applicationCacheEnabled":false,"browserConnectionEnabled":false,"cssSelectorsEnabled":true,"webStorageEnabled":false,"rotatable":false,"acceptSslCerts":false,"nativeEvents":true,"proxy":{"proxyType":"direct"}}
[INFO  - 2015-03-05T09:54:25.550Z] SessionManagerReqHand - _postNewSessionCommand - New Session Created: 9b500ca0-c31d-11e4-affe-81c15f218600
[INFO  - 2015-03-05T09:59:23.959Z] SessionManagerReqHand - _cleanupWindowlessSessions - Asynchronous Sessions clean-up phase starting NOW
[INFO  - 2015-03-05T09:59:23.960Z] SessionManagerReqHand - _cleanupWindowlessSessions - Deleted Session '9b500ca0-c31d-11e4-affe-81c15f218600', because windowless
[INFO  - 2015-03-05T15:07:40.353Z] GhostDriver - Main - running on port 48942
[INFO  - 2015-03-05T15:07:41.666Z] Session [5eaccf50-c349-11e4-aeaf-4bb9db91d1ca] - page.settings - {"XSSAuditingEnabled":false,"javascriptCanCloseWindows":true,"javascriptCanOpenWindows":true,"javascriptEnabled":true,"loadImages":true,"localToRemoteUrlAccessEnabled":false,"userAgent":"Mozilla/5.0 (Windows NT 6.1; WOW64) AppleWebKit/538.1 (KHTML, like Gecko) PhantomJS/2.0.0 Safari/538.1","webSecurityEnabled":true}
[INFO  - 2015-03-05T15:07:41.667Z] Session [5eaccf50-c349-11e4-aeaf-4bb9db91d1ca] - page.customHeaders:  - {}
[INFO  - 2015-03-05T15:07:41.684Z] Session [5eaccf50-c349-11e4-aeaf-4bb9db91d1ca] - Session.negotiatedCapabilities - {"browserName":"phantomjs","version":"2.0.0","driverName":"ghostdriver","driverVersion":"1.2.0","platform":"windows-7-32bit","javascriptEnabled":true,"takesScreenshot":true,"handlesAlerts":false,"databaseEnabled":false,"locationContextEnabled":false,"applicationCacheEnabled":false,"browserConnectionEnabled":false,"cssSelectorsEnabled":true,"webStorageEnabled":false,"rotatable":false,"acceptSslCerts":false,"nativeEvents":true,"proxy":{"proxyType":"direct"}}
[INFO  - 2015-03-05T15:07:41.685Z] SessionManagerReqHand - _postNewSessionCommand - New Session Created: 5eaccf50-c349-11e4-aeaf-4bb9db91d1ca
[INFO  - 2015-03-05T15:08:56.221Z] GhostDriver - Main - running on port 45489
[INFO  - 2015-03-05T15:08:57.055Z] Session [8b9ba5e0-c349-11e4-8b48-7f9df368f322] - page.settings - {"XSSAuditingEnabled":false,"javascriptCanCloseWindows":true,"javascriptCanOpenWindows":true,"javascriptEnabled":true,"loadImages":true,"localToRemoteUrlAccessEnabled":false,"userAgent":"Mozilla/5.0 (Windows NT 6.1; WOW64) AppleWebKit/538.1 (KHTML, like Gecko) PhantomJS/2.0.0 Safari/538.1","webSecurityEnabled":true}
[INFO  - 2015-03-05T15:08:57.056Z] Session [8b9ba5e0-c349-11e4-8b48-7f9df368f322] - page.customHeaders:  - {}
[INFO  - 2015-03-05T15:08:57.056Z] Session [8b9ba5e0-c349-11e4-8b48-7f9df368f322] - Session.negotiatedCapabilities - {"browserName":"phantomjs","version":"2.0.0","driverName":"ghostdriver","driverVersion":"1.2.0","platform":"windows-7-32bit","javascriptEnabled":true,"takesScreenshot":true,"handlesAlerts":false,"databaseEnabled":false,"locationContextEnabled":false,"applicationCacheEnabled":false,"browserConnectionEnabled":false,"cssSelectorsEnabled":true,"webStorageEnabled":false,"rotatable":false,"acceptSslCerts":false,"nativeEvents":true,"proxy":{"proxyType":"direct"}}
[INFO  - 2015-03-05T15:08:57.057Z] SessionManagerReqHand - _postNewSessionCommand - New Session Created: 8b9ba5e0-c349-11e4-8b48-7f9df368f322
[INFO  - 2015-03-05T16:13:46.911Z] SessionManagerReqHand - _cleanupWindowlessSessions - Asynchronous Sessions clean-up phase starting NOW
[INFO  - 2015-03-05T16:13:46.911Z] SessionManagerReqHand - _cleanupWindowlessSessions - Deleted Session '8b9ba5e0-c349-11e4-8b48-7f9df368f322', because windowless
Images":true,"localToRemoteUrlAccessEnabled":false,"userAgent":"Mozilla/5.0 (Windows NT 6.1; WOW64) AppleWebKit/538.1 (KHTML, like Gecko) PhantomJS/2.0.0 Safari/538.1","webSecurityEnabled":true}
[INFO  - 2015-03-05T15:09:25.121Z] Session [9c5606f0-c349-11e4-bd26-53be32dd0500] - page.customHeaders:  - {}
[INFO  - 2015-03-05T15:09:25.121Z] Session [9c5606f0-c349-11e4-bd26-53be32dd0500] - Session.negotiatedCapabilities - {"browserName":"phantomjs","version":"2.0.0","driverName":"ghostdriver","driverVersion":"1.2.0","platform":"windows-7-32bit","javascriptEnabled":true,"takesScreenshot":true,"handlesAlerts":false,"databaseEnabled":false,"locationContextEnabled":false,"applicationCacheEnabled":false,"browserConnectionEnabled":false,"cssSelectorsEnabled":true,"webStorageEnabled":false,"rotatable":false,"acceptSslCerts":false,"nativeEvents":true,"proxy":{"proxyType":"direct"}}
[INFO  - 2015-03-05T15:09:25.123Z] SessionManagerReqHand - _postNewSessionCommand - New Session Created: 9c5606f0-c349-11e4-bd26-53be32dd0500
[INFO  - 2015-03-05T16:13:46.917Z] SessionManagerReqHand - _cleanupWindowlessSessions - Asynchronous Sessions clean-up phase starting NOW
[INFO  - 2015-03-05T16:13:46.917Z] SessionManagerReqHand - _cleanupWindowlessSessions - Deleted Session '9c5606f0-c349-11e4-bd26-53be32dd0500', because windowless
Images":true,"localToRemoteUrlAccessEnabled":false,"userAgent":"Mozilla/5.0 (Windows NT 6.1; WOW64) AppleWebKit/538.1 (KHTML, like Gecko) PhantomJS/2.0.0 Safari/538.1","webSecurityEnabled":true}
[INFO  - 2015-03-05T15:09:40.375Z] Session [a56ed2d0-c349-11e4-939c-ab1c2f15f8f5] - page.customHeaders:  - {}
[INFO  - 2015-03-05T15:09:40.376Z] Session [a56ed2d0-c349-11e4-939c-ab1c2f15f8f5] - Session.negotiatedCapabilities - {"browserName":"phantomjs","version":"2.0.0","driverName":"ghostdriver","driverVersion":"1.2.0","platform":"windows-7-32bit","javascriptEnabled":true,"takesScreenshot":true,"handlesAlerts":false,"databaseEnabled":false,"locationContextEnabled":false,"applicationCacheEnabled":false,"browserConnectionEnabled":false,"cssSelectorsEnabled":true,"webStorageEnabled":false,"rotatable":false,"acceptSslCerts":false,"nativeEvents":true,"proxy":{"proxyType":"direct"}}
[INFO  - 2015-03-05T15:09:40.376Z] SessionManagerReqHand - _postNewSessionCommand - New Session Created: a56ed2d0-c349-11e4-939c-ab1c2f15f8f5
[INFO  - 2015-03-05T16:13:47.051Z] SessionManagerReqHand - _cleanupWindowlessSessions - Asynchronous Sessions clean-up phase starting NOW
[INFO  - 2015-03-05T16:13:47.051Z] SessionManagerReqHand - _cleanupWindowlessSessions - Deleted Session 'a56ed2d0-c349-11e4-939c-ab1c2f15f8f5', because windowless
[INFO  - 2015-03-15T21:43:34.079Z] GhostDriver - Main - running on port 31376
[INFO  - 2015-03-15T21:43:34.943Z] Session [54dd8170-cb5c-11e4-9204-8140312453fe] - page.settings - {"XSSAuditingEnabled":false,"javascriptCanCloseWindows":true,"javascriptCanOpenWindows":true,"javascriptEnabled":true,"loadImages":true,"localToRemoteUrlAccessEnabled":false,"userAgent":"Mozilla/5.0 (Windows NT 6.1; WOW64) AppleWebKit/538.1 (KHTML, like Gecko) PhantomJS/2.0.0 Safari/538.1","webSecurityEnabled":true}
[INFO  - 2015-03-15T21:43:34.944Z] Session [54dd8170-cb5c-11e4-9204-8140312453fe] - page.customHeaders:  - {}
[INFO  - 2015-03-15T21:43:34.946Z] Session [54dd8170-cb5c-11e4-9204-8140312453fe] - Session.negotiatedCapabilities - {"browserName":"phantomjs","version":"2.0.0","driverName":"ghostdriver","driverVersion":"1.2.0","platform":"windows-7-32bit","javascriptEnabled":true,"takesScreenshot":true,"handlesAlerts":false,"databaseEnabled":false,"locationContextEnabled":false,"applicationCacheEnabled":false,"browserConnectionEnabled":false,"cssSelectorsEnabled":true,"webStorageEnabled":false,"rotatable":false,"acceptSslCerts":false,"nativeEvents":true,"proxy":{"proxyType":"direct"}}
[INFO  - 2015-03-15T21:43:34.947Z] SessionManagerReqHand - _postNewSessionCommand - New Session Created: 54dd8170-cb5c-11e4-9204-8140312453fe
[INFO  - 2015-03-15T21:43:40.684Z] ShutdownReqHand - _handle - About to shutdown
[INFO  - 2015-03-15T22:36:20.554Z] GhostDriver - Main - running on port 47256
[INFO  - 2015-03-15T22:36:21.150Z] Session [b4123350-cb63-11e4-a24c-c9f09636972e] - page.settings - {"XSSAuditingEnabled":false,"javascriptCanCloseWindows":true,"javascriptCanOpenWindows":true,"javascriptEnabled":true,"loadImages":true,"localToRemoteUrlAccessEnabled":false,"userAgent":"Mozilla/5.0 (Windows NT 6.1; WOW64) AppleWebKit/538.1 (KHTML, like Gecko) PhantomJS/2.0.0 Safari/538.1","webSecurityEnabled":true}
[INFO  - 2015-03-15T22:36:21.150Z] Session [b4123350-cb63-11e4-a24c-c9f09636972e] - page.customHeaders:  - {}
[INFO  - 2015-03-15T22:36:21.151Z] Session [b4123350-cb63-11e4-a24c-c9f09636972e] - Session.negotiatedCapabilities - {"browserName":"phantomjs","version":"2.0.0","driverName":"ghostdriver","driverVersion":"1.2.0","platform":"windows-7-32bit","javascriptEnabled":true,"takesScreenshot":true,"handlesAlerts":false,"databaseEnabled":false,"locationContextEnabled":false,"applicationCacheEnabled":false,"browserConnectionEnabled":false,"cssSelectorsEnabled":true,"webStorageEnabled":false,"rotatable":false,"acceptSslCerts":false,"nativeEvents":true,"proxy":{"proxyType":"direct"}}
[INFO  - 2015-03-15T22:36:21.151Z] SessionManagerReqHand - _postNewSessionCommand - New Session Created: b4123350-cb63-11e4-a24c-c9f09636972e
[INFO  - 2015-03-15T22:36:24.281Z] ShutdownReqHand - _handle - About to shutdown
